#
# There is insufficient memory for the Java Runtime Environment to continue.
# Native memory allocation (malloc) failed to allocate 1058832 bytes. Error detail: Chunk::new
# Possible reasons:
#   The system is out of physical RAM or swap space
#   This process is running with CompressedOops enabled, and the Java Heap may be blocking the growth of the native heap
# Possible solutions:
#   Reduce memory load on the system
#   Increase physical memory or swap space
#   Check if swap backing store is full
#   Decrease Java heap size (-Xmx/-Xms)
#   Decrease number of Java threads
#   Decrease Java thread stack sizes (-Xss)
#   Set larger code cache with -XX:ReservedCodeCacheSize=
#   JVM is running with Unscaled Compressed Oops mode in which the Java heap is
#     placed in the first 4GB address space. The Java Heap base address is the
#     maximum limit for the native heap growth. Please use -XX:HeapBaseMinAddress
#     to set the Java Heap base and to place the Java Heap above 4GB virtual address.
# This output file may be truncated or incomplete.
#
#  Out of Memory Error (arena.cpp:168), pid=8908, tid=16988
#
# JRE version: OpenJDK Runtime Environment Temurin-21.0.8+9 (21.0.8+9) (build 21.0.8+9-LTS)
# Java VM: OpenJDK 64-Bit Server VM Temurin-21.0.8+9 (21.0.8+9-LTS, mixed mode, sharing, tiered, compressed oops, compressed class ptrs, parallel gc, windows-amd64)
# No core dump will be written. Minidumps are not enabled by default on client versions of Windows
#

---------------  S U M M A R Y ------------

Command Line: --add-modules=ALL-SYSTEM --add-opens=java.base/java.util=ALL-UNNAMED --add-opens=java.base/java.lang=ALL-UNNAMED --add-opens=java.base/sun.nio.fs=ALL-UNNAMED -Declipse.application=org.eclipse.jdt.ls.core.id1 -Dosgi.bundles.defaultStartLevel=4 -Declipse.product=org.eclipse.jdt.ls.core.product -Djava.import.generatesMetadataFilesAtProjectRoot=false -DDetectVMInstallationsJob.disabled=true -Dfile.encoding=utf8 -XX:+UseParallelGC -XX:GCTimeRatio=4 -XX:AdaptiveSizePolicyWeight=90 -Dsun.zip.disableMemoryMapping=true -Xmx2G -Xms100m -Xlog:disable -javaagent:c:\Users\nguye\.vscode\extensions\redhat.java-1.44.0-win32-x64\lombok\lombok-1.18.39-4050.jar -XX:+HeapDumpOnOutOfMemoryError -XX:HeapDumpPath=c:\Users\nguye\AppData\Roaming\Code\User\workspaceStorage\fe55d333836b03cac3fc4c9050fc90bd\redhat.java -Daether.dependencyCollector.impl=bf c:\Users\nguye\.vscode\extensions\redhat.java-1.44.0-win32-x64\server\plugins\org.eclipse.equinox.launcher_1.7.0.v20250519-0528.jar -configuration c:\Users\nguye\AppData\Roaming\Code\User\globalStorage\redhat.java\1.44.0\config_win -data c:\Users\nguye\AppData\Roaming\Code\User\workspaceStorage\fe55d333836b03cac3fc4c9050fc90bd\redhat.java\jdt_ws --pipe=\\.\pipe\lsp-d9f59ad41e84c28dee206bb63566aa06-sock

Host: AMD Ryzen 5 5500U with Radeon Graphics         , 12 cores, 7G,  Windows 11 , 64 bit Build 26100 (10.0.26100.3037)
Time: Wed Aug 27 14:40:16 2025 SE Asia Standard Time elapsed time: 3421.138742 seconds (0d 0h 57m 1s)

---------------  T H R E A D  ---------------

Current thread (0x000001cad6f6f3f0):  JavaThread "C2 CompilerThread0" daemon [_thread_in_native, id=16988, stack(0x0000005475d00000,0x0000005475e00000) (1024K)]


Current CompileTask:
C2:3421138 21032       4       org.eclipse.jdt.core.dom.ASTConverter::setIsGeneratedFlag (48 bytes)

Stack: [0x0000005475d00000,0x0000005475e00000]
Native frames: (J=compiled Java code, j=interpreted, Vv=VM code, C=native code)
V  [jvm.dll+0x6d2449]
V  [jvm.dll+0x8ae341]
V  [jvm.dll+0x8b08be]
V  [jvm.dll+0x8b0fa3]
V  [jvm.dll+0x280c96]
V  [jvm.dll+0xc581d]
V  [jvm.dll+0xc5d53]
V  [jvm.dll+0x3b919c]
V  [jvm.dll+0x385315]
V  [jvm.dll+0x38477a]
V  [jvm.dll+0x248ed0]
V  [jvm.dll+0x2484af]
V  [jvm.dll+0x1c89ee]
V  [jvm.dll+0x257d4d]
V  [jvm.dll+0x2562ea]
V  [jvm.dll+0x3f2d16]
V  [jvm.dll+0x857e6b]
V  [jvm.dll+0x6d0b0d]
C  [ucrtbase.dll+0x37b0]
C  [KERNEL32.DLL+0x2e8d7]
C  [ntdll.dll+0xbbf2c]


---------------  P R O C E S S  ---------------

Threads class SMR info:
_java_thread_list=0x000001caf70ed810, length=44, elements={
0x000001cad6ec0b30, 0x000001caed95e720, 0x000001cad6f66560, 0x000001cad6f6a2c0,
0x000001cad6f6af10, 0x000001cad6f6bb60, 0x000001cad6f6e5c0, 0x000001cad6f6f3f0,
0x000001cad6f7e660, 0x000001cad6f2c640, 0x000001caeefcb270, 0x000001caf477dff0,
0x000001caf476f3f0, 0x000001caf46cc4d0, 0x000001caf46d18f0, 0x000001caf47a0e20,
0x000001caeed06ce0, 0x000001caeecdbfd0, 0x000001caeecdccf0, 0x000001caeecde0a0,
0x000001caeecdd380, 0x000001caeecdedc0, 0x000001caf80eced0, 0x000001caf80ee910,
0x000001caf80ef630, 0x000001caf80ee280, 0x000001caf80edbf0, 0x000001caf80eefa0,
0x000001caf80efcc0, 0x000001caf80f09e0, 0x000001caf80ed560, 0x000001caf80f2420,
0x000001caf80f44f0, 0x000001caf80f3e60, 0x000001caf80f2ab0, 0x000001caf80f1070,
0x000001caf80f3140, 0x000001caf80f1700, 0x000001caf450c140, 0x000001caf64670c0,
0x000001caf6467de0, 0x000001caf6467750, 0x000001caf6468470, 0x000001caf64663a0
}

Java Threads: ( => current thread )
  0x000001cad6ec0b30 JavaThread "main"                              [_thread_blocked, id=10332, stack(0x0000005475300000,0x0000005475400000) (1024K)]
  0x000001caed95e720 JavaThread "Reference Handler"          daemon [_thread_blocked, id=13452, stack(0x0000005475700000,0x0000005475800000) (1024K)]
  0x000001cad6f66560 JavaThread "Finalizer"                  daemon [_thread_blocked, id=13972, stack(0x0000005475800000,0x0000005475900000) (1024K)]
  0x000001cad6f6a2c0 JavaThread "Signal Dispatcher"          daemon [_thread_blocked, id=26016, stack(0x0000005475900000,0x0000005475a00000) (1024K)]
  0x000001cad6f6af10 JavaThread "Attach Listener"            daemon [_thread_blocked, id=28360, stack(0x0000005475a00000,0x0000005475b00000) (1024K)]
  0x000001cad6f6bb60 JavaThread "Service Thread"             daemon [_thread_blocked, id=1480, stack(0x0000005475b00000,0x0000005475c00000) (1024K)]
  0x000001cad6f6e5c0 JavaThread "Monitor Deflation Thread"   daemon [_thread_blocked, id=4064, stack(0x0000005475c00000,0x0000005475d00000) (1024K)]
=>0x000001cad6f6f3f0 JavaThread "C2 CompilerThread0"         daemon [_thread_in_native, id=16988, stack(0x0000005475d00000,0x0000005475e00000) (1024K)]
  0x000001cad6f7e660 JavaThread "C1 CompilerThread0"         daemon [_thread_blocked, id=17552, stack(0x0000005475e00000,0x0000005475f00000) (1024K)]
  0x000001cad6f2c640 JavaThread "Common-Cleaner"             daemon [_thread_blocked, id=11012, stack(0x0000005475f00000,0x0000005476000000) (1024K)]
  0x000001caeefcb270 JavaThread "Notification Thread"        daemon [_thread_blocked, id=26432, stack(0x0000005476000000,0x0000005476100000) (1024K)]
  0x000001caf477dff0 JavaThread "Active Thread: Equinox Container: 6da94b2a-8bf5-4aab-ad0c-ceaa524b840b"        [_thread_blocked, id=17208, stack(0x0000005476100000,0x0000005476200000) (1024K)]
  0x000001caf476f3f0 JavaThread "Refresh Thread: Equinox Container: 6da94b2a-8bf5-4aab-ad0c-ceaa524b840b" daemon [_thread_blocked, id=18512, stack(0x0000005476a00000,0x0000005476b00000) (1024K)]
  0x000001caf46cc4d0 JavaThread "Framework Event Dispatcher: Equinox Container: 6da94b2a-8bf5-4aab-ad0c-ceaa524b840b" daemon [_thread_blocked, id=27732, stack(0x0000005476b00000,0x0000005476c00000) (1024K)]
  0x000001caf46d18f0 JavaThread "Start Level: Equinox Container: 6da94b2a-8bf5-4aab-ad0c-ceaa524b840b" daemon [_thread_blocked, id=28488, stack(0x0000005476c00000,0x0000005476d00000) (1024K)]
  0x000001caf47a0e20 JavaThread "Bundle File Closer"         daemon [_thread_blocked, id=7024, stack(0x0000005476800000,0x0000005476900000) (1024K)]
  0x000001caeed06ce0 JavaThread "SCR Component Actor"        daemon [_thread_blocked, id=26084, stack(0x0000005476f00000,0x0000005477000000) (1024K)]
  0x000001caeecdbfd0 JavaThread "Worker-JM"                         [_thread_blocked, id=11796, stack(0x0000005477200000,0x0000005477300000) (1024K)]
  0x000001caeecdccf0 JavaThread "JNA Cleaner"                daemon [_thread_blocked, id=23724, stack(0x0000005477300000,0x0000005477400000) (1024K)]
  0x000001caeecde0a0 JavaThread "Java indexing"              daemon [_thread_blocked, id=28192, stack(0x0000005477600000,0x0000005477700000) (1024K)]
  0x000001caeecdd380 JavaThread "Worker-2"                          [_thread_blocked, id=12216, stack(0x0000005477800000,0x0000005477900000) (1024K)]
  0x000001caeecdedc0 JavaThread "Worker-3"                          [_thread_blocked, id=17228, stack(0x0000005477b00000,0x0000005477c00000) (1024K)]
  0x000001caf80eced0 JavaThread "Thread-2"                   daemon [_thread_in_native, id=20108, stack(0x0000005477d00000,0x0000005477e00000) (1024K)]
  0x000001caf80ee910 JavaThread "Thread-3"                   daemon [_thread_in_native, id=14460, stack(0x0000005477e00000,0x0000005477f00000) (1024K)]
  0x000001caf80ef630 JavaThread "Thread-4"                   daemon [_thread_in_native, id=12704, stack(0x0000005477f00000,0x0000005478000000) (1024K)]
  0x000001caf80ee280 JavaThread "Thread-5"                   daemon [_thread_in_native, id=17332, stack(0x0000005478000000,0x0000005478100000) (1024K)]
  0x000001caf80edbf0 JavaThread "Thread-6"                   daemon [_thread_in_native, id=11112, stack(0x0000005478100000,0x0000005478200000) (1024K)]
  0x000001caf80eefa0 JavaThread "Thread-7"                   daemon [_thread_in_native, id=7484, stack(0x0000005478200000,0x0000005478300000) (1024K)]
  0x000001caf80efcc0 JavaThread "Thread-8"                   daemon [_thread_in_native, id=25928, stack(0x0000005478300000,0x0000005478400000) (1024K)]
  0x000001caf80f09e0 JavaThread "Thread-9"                   daemon [_thread_in_native, id=14136, stack(0x0000005478400000,0x0000005478500000) (1024K)]
  0x000001caf80ed560 JavaThread "Thread-10"                  daemon [_thread_in_native, id=24232, stack(0x0000005478500000,0x0000005478600000) (1024K)]
  0x000001caf80f2420 JavaThread "Thread-11"                  daemon [_thread_in_native, id=2320, stack(0x0000005478600000,0x0000005478700000) (1024K)]
  0x000001caf80f44f0 JavaThread "Thread-12"                  daemon [_thread_in_native, id=21696, stack(0x0000005478700000,0x0000005478800000) (1024K)]
  0x000001caf80f3e60 JavaThread "Thread-13"                  daemon [_thread_in_native, id=21608, stack(0x0000005478800000,0x0000005478900000) (1024K)]
  0x000001caf80f2ab0 JavaThread "Thread-14"                  daemon [_thread_in_native, id=18684, stack(0x0000005478900000,0x0000005478a00000) (1024K)]
  0x000001caf80f1070 JavaThread "pool-2-thread-1"                   [_thread_blocked, id=20112, stack(0x0000005478a00000,0x0000005478b00000) (1024K)]
  0x000001caf80f3140 JavaThread "WorkspaceEventsHandler"            [_thread_blocked, id=27052, stack(0x0000005478b00000,0x0000005478c00000) (1024K)]
  0x000001caf80f1700 JavaThread "pool-1-thread-1"                   [_thread_blocked, id=13324, stack(0x0000005478c00000,0x0000005478d00000) (1024K)]
  0x000001caf450c140 JavaThread "Cleaner-0"                  daemon [_thread_blocked, id=12076, stack(0x000000547b300000,0x000000547b400000) (1024K)]
  0x000001caf64670c0 JavaThread "ForkJoinPool.commonPool-worker-27" daemon [_thread_blocked, id=16076, stack(0x0000005475000000,0x0000005475100000) (1024K)]
  0x000001caf6467de0 JavaThread "ForkJoinPool.commonPool-worker-28" daemon [_thread_blocked, id=17480, stack(0x0000005475100000,0x0000005475200000) (1024K)]
  0x000001caf6467750 JavaThread "ForkJoinPool.commonPool-worker-29" daemon [_thread_blocked, id=6516, stack(0x0000005475200000,0x0000005475300000) (1024K)]
  0x000001caf6468470 JavaThread "ForkJoinPool.commonPool-worker-30" daemon [_thread_blocked, id=28616, stack(0x0000005477000000,0x0000005477100000) (1024K)]
  0x000001caf64663a0 JavaThread "ForkJoinPool.commonPool-worker-31" daemon [_thread_blocked, id=26608, stack(0x0000005477100000,0x0000005477200000) (1024K)]
Total: 44

Other Threads:
  0x000001cad6f647f0 VMThread "VM Thread"                           [id=11320, stack(0x0000005475600000,0x0000005475700000) (1024K)]
  0x000001caed83ca00 WatcherThread "VM Periodic Task Thread"        [id=22672, stack(0x0000005475500000,0x0000005475600000) (1024K)]
  0x000001cad6edee60 WorkerThread "GC Thread#0"                     [id=25872, stack(0x0000005475400000,0x0000005475500000) (1024K)]
  0x000001caf47d3010 WorkerThread "GC Thread#1"                     [id=16928, stack(0x0000005476200000,0x0000005476300000) (1024K)]
  0x000001caf452e900 WorkerThread "GC Thread#2"                     [id=13120, stack(0x0000005476300000,0x0000005476400000) (1024K)]
  0x000001caf452de20 WorkerThread "GC Thread#3"                     [id=25156, stack(0x0000005476400000,0x0000005476500000) (1024K)]
  0x000001caf452e1c0 WorkerThread "GC Thread#4"                     [id=27024, stack(0x0000005476500000,0x0000005476600000) (1024K)]
  0x000001caf452cfa0 WorkerThread "GC Thread#5"                     [id=15072, stack(0x0000005476600000,0x0000005476700000) (1024K)]
  0x000001caf452d340 WorkerThread "GC Thread#6"                     [id=10256, stack(0x0000005476700000,0x0000005476800000) (1024K)]
  0x000001caf452da80 WorkerThread "GC Thread#7"                     [id=21496, stack(0x0000005476900000,0x0000005476a00000) (1024K)]
  0x000001caf452d6e0 WorkerThread "GC Thread#8"                     [id=11812, stack(0x0000005476d00000,0x0000005476e00000) (1024K)]
  0x000001caf4abb1f0 WorkerThread "GC Thread#9"                     [id=20316, stack(0x0000005476e00000,0x0000005476f00000) (1024K)]
Total: 12

Threads with active compile tasks:
C2 CompilerThread0  3421161 21032       4       org.eclipse.jdt.core.dom.ASTConverter::setIsGeneratedFlag (48 bytes)
Total: 1

VM state: not at safepoint (normal execution)

VM Mutex/Monitor currently owned by a thread: None

Heap address: 0x0000000080000000, size: 2048 MB, Compressed Oops mode: 32-bit

CDS archive(s) mapped at: [0x000001ca80000000-0x000001ca80ba0000-0x000001ca80ba0000), size 12189696, SharedBaseAddress: 0x000001ca80000000, ArchiveRelocationMode: 1.
Compressed class space mapped at: 0x000001ca81000000-0x000001cac1000000, reserved size: 1073741824
Narrow klass base: 0x000001ca80000000, Narrow klass shift: 0, Narrow klass range: 0x100000000

GC Precious Log:
 CardTable entry size: 512
 CPUs: 12 total, 12 available
 Memory: 7561M
 Large Page Support: Disabled
 NUMA Support: Disabled
 Compressed Oops: Enabled (32-bit)
 Alignments: Space 512K, Generation 512K, Heap 2M
 Heap Min Capacity: 100M
 Heap Initial Capacity: 100M
 Heap Max Capacity: 2G
 Pre-touch: Disabled
 Parallel Workers: 10

Heap:
 PSYoungGen      total 13312K, used 6867K [0x00000000d5580000, 0x00000000d6400000, 0x0000000100000000)
  eden space 11776K, 49% used [0x00000000d5580000,0x00000000d5b2cc70,0x00000000d6100000)
  from space 1536K, 68% used [0x00000000d6100000,0x00000000d6208020,0x00000000d6280000)
  to   space 1536K, 0% used [0x00000000d6280000,0x00000000d6280000,0x00000000d6400000)
 ParOldGen       total 787968K, used 467945K [0x0000000080000000, 0x00000000b0180000, 0x00000000d5580000)
  object space 787968K, 59% used [0x0000000080000000,0x000000009c8fa568,0x00000000b0180000)
 Metaspace       used 78451K, committed 80192K, reserved 1179648K
  class space    used 7800K, committed 8576K, reserved 1048576K

Card table byte_map: [0x000001cad6890000,0x000001cad6ca0000] _byte_map_base: 0x000001cad6490000

Marking Bits: (ParMarkBitMap*) 0x00007ff88a3ba340
 Begin Bits: [0x000001cae9360000, 0x000001caeb360000)
 End Bits:   [0x000001caeb360000, 0x000001caed360000)

Polling page: 0x000001cad6680000

Metaspace:

Usage:
  Non-class:     69.00 MB used.
      Class:      7.62 MB used.
       Both:     76.61 MB used.

Virtual space:
  Non-class space:      128.00 MB reserved,      69.94 MB ( 55%) committed,  2 nodes.
      Class space:        1.00 GB reserved,       8.38 MB ( <1%) committed,  1 nodes.
             Both:        1.12 GB reserved,      78.31 MB (  7%) committed. 

Chunk freelists:
   Non-Class:  10.05 MB
       Class:  7.47 MB
        Both:  17.52 MB

MaxMetaspaceSize: unlimited
CompressedClassSpaceSize: 1.00 GB
Initial GC threshold: 21.00 MB
Current GC threshold: 118.12 MB
CDS: on
 - commit_granule_bytes: 65536.
 - commit_granule_words: 8192.
 - virtual_space_node_default_size: 8388608.
 - enlarge_chunks_in_place: 1.
 - use_allocation_guard: 0.


Internal statistics:

num_allocs_failed_limit: 9.
num_arena_births: 1560.
num_arena_deaths: 20.
num_vsnodes_births: 3.
num_vsnodes_deaths: 0.
num_space_committed: 1253.
num_space_uncommitted: 0.
num_chunks_returned_to_freelist: 32.
num_chunks_taken_from_freelist: 5495.
num_chunk_merges: 13.
num_chunk_splits: 3291.
num_chunks_enlarged: 1783.
num_inconsistent_stats: 0.

CodeHeap 'non-profiled nmethods': size=120000Kb used=16825Kb max_used=16825Kb free=103175Kb
 bounds [0x000001cae1b80000, 0x000001cae2bf0000, 0x000001cae90b0000]
CodeHeap 'profiled nmethods': size=120000Kb used=46655Kb max_used=46655Kb free=73344Kb
 bounds [0x000001cada0b0000, 0x000001cadce40000, 0x000001cae15e0000]
CodeHeap 'non-nmethods': size=5760Kb used=1483Kb max_used=1568Kb free=4276Kb
 bounds [0x000001cae15e0000, 0x000001cae1850000, 0x000001cae1b80000]
CodeCache: size=245760Kb, used=64963Kb, max_used=65048Kb, free=180795Kb
 total_blobs=19410, nmethods=18607, adapters=707, full_count=0
Compilation: enabled, stopped_count=0, restarted_count=0

Compilation events (20 events):
Event: 3420.073 Thread 0x000001cad6f7e660 21053       3       org.eclipse.jdt.internal.corext.dom.GenericVisitor::visit (6 bytes)
Event: 3420.073 Thread 0x000001cad6f7e660 nmethod 21053 0x000001cadce3bb90 code [0x000001cadce3bd40, 0x000001cadce3bf08]
Event: 3420.073 Thread 0x000001cad6f7e660 21054       3       org.eclipse.jdt.internal.corext.dom.GenericVisitor::endVisit (6 bytes)
Event: 3420.074 Thread 0x000001cad6f7e660 nmethod 21054 0x000001cadce3bf90 code [0x000001cadce3c140, 0x000001cadce3c320]
Event: 3420.074 Thread 0x000001cad6f7e660 21055       3       org.eclipse.jdt.internal.corext.dom.GenericVisitor::visit (6 bytes)
Event: 3420.074 Thread 0x000001cad6f7e660 nmethod 21055 0x000001cadce3c410 code [0x000001cadce3c5c0, 0x000001cadce3c788]
Event: 3420.074 Thread 0x000001cad6f7e660 21056       3       org.eclipse.jdt.internal.corext.dom.GenericVisitor::visit (6 bytes)
Event: 3420.074 Thread 0x000001cad6f7e660 nmethod 21056 0x000001cadce3c810 code [0x000001cadce3c9c0, 0x000001cadce3cb88]
Event: 3420.074 Thread 0x000001cad6f7e660 21057       3       org.eclipse.jdt.internal.corext.dom.GenericVisitor::endVisit (6 bytes)
Event: 3420.074 Thread 0x000001cad6f7e660 nmethod 21057 0x000001cadce3cc10 code [0x000001cadce3cdc0, 0x000001cadce3cfa0]
Event: 3420.074 Thread 0x000001cad6f7e660 21058       3       org.eclipse.jdt.internal.compiler.lookup.CompilationUnitScope::getImport (77 bytes)
Event: 3420.076 Thread 0x000001cad6f7e660 nmethod 21058 0x000001cadce3d090 code [0x000001cadce3d2c0, 0x000001cadce3d7b0]
Event: 3420.076 Thread 0x000001cad6f7e660 21059       3       org.eclipse.jdt.core.dom.NormalAnnotation::accept0 (34 bytes)
Event: 3420.076 Thread 0x000001cad6f7e660 nmethod 21059 0x000001cadce3d990 code [0x000001cadce3db80, 0x000001cadce3e030]
Event: 3420.080 Thread 0x000001cad6f7e660 21061       3       org.eclipse.jdt.core.dom.ASTVisitor::endVisit (1 bytes)
Event: 3420.081 Thread 0x000001cad6f7e660 nmethod 21061 0x000001cadce3e190 code [0x000001cadce3e320, 0x000001cadce3e428]
Event: 3420.081 Thread 0x000001cad6f7e660 21062       3       org.eclipse.jdt.core.dom.CatchClause::accept0 (34 bytes)
Event: 3420.081 Thread 0x000001cad6f7e660 nmethod 21062 0x000001cadce3e490 code [0x000001cadce3e6a0, 0x000001cadce3ebb0]
Event: 3420.081 Thread 0x000001cad6f7e660 21063   !   3       org.eclipse.jdt.core.dom.CatchClause::getException (60 bytes)
Event: 3420.082 Thread 0x000001cad6f7e660 nmethod 21063 0x000001cadce3ed90 code [0x000001cadce3efe0, 0x000001cadce3f978]

GC Heap History (20 events):
Event: 2195.175 GC heap before
{Heap before GC invocations=2498 (full 4):
 PSYoungGen      total 9728K, used 9718K [0x00000000d5580000, 0x00000000d6900000, 0x0000000100000000)
  eden space 8704K, 100% used [0x00000000d5580000,0x00000000d5e00000,0x00000000d5e00000)
  from space 1024K, 99% used [0x00000000d5e00000,0x00000000d5efdbc0,0x00000000d5f00000)
  to   space 5632K, 0% used [0x00000000d6380000,0x00000000d6380000,0x00000000d6900000)
 ParOldGen       total 787968K, used 453682K [0x0000000080000000, 0x00000000b0180000, 0x00000000d5580000)
  object space 787968K, 57% used [0x0000000080000000,0x000000009bb0c8d8,0x00000000b0180000)
 Metaspace       used 77997K, committed 79680K, reserved 1179648K
  class space    used 7760K, committed 8512K, reserved 1048576K
}
Event: 2195.183 GC heap after
{Heap after GC invocations=2498 (full 4):
 PSYoungGen      total 11264K, used 5618K [0x00000000d5580000, 0x00000000d7100000, 0x0000000100000000)
  eden space 5632K, 0% used [0x00000000d5580000,0x00000000d5580000,0x00000000d5b00000)
  from space 5632K, 99% used [0x00000000d6380000,0x00000000d68fcb68,0x00000000d6900000)
  to   space 8704K, 0% used [0x00000000d5b00000,0x00000000d5b00000,0x00000000d6380000)
 ParOldGen       total 787968K, used 455830K [0x0000000080000000, 0x00000000b0180000, 0x00000000d5580000)
  object space 787968K, 57% used [0x0000000080000000,0x000000009bd25a30,0x00000000b0180000)
 Metaspace       used 77997K, committed 79680K, reserved 1179648K
  class space    used 7760K, committed 8512K, reserved 1048576K
}
Event: 2195.216 GC heap before
{Heap before GC invocations=2499 (full 4):
 PSYoungGen      total 11264K, used 11250K [0x00000000d5580000, 0x00000000d7100000, 0x0000000100000000)
  eden space 5632K, 100% used [0x00000000d5580000,0x00000000d5b00000,0x00000000d5b00000)
  from space 5632K, 99% used [0x00000000d6380000,0x00000000d68fcb68,0x00000000d6900000)
  to   space 8704K, 0% used [0x00000000d5b00000,0x00000000d5b00000,0x00000000d6380000)
 ParOldGen       total 787968K, used 455830K [0x0000000080000000, 0x00000000b0180000, 0x00000000d5580000)
  object space 787968K, 57% used [0x0000000080000000,0x000000009bd25a30,0x00000000b0180000)
 Metaspace       used 78028K, committed 79680K, reserved 1179648K
  class space    used 7761K, committed 8512K, reserved 1048576K
}
Event: 2195.233 GC heap after
{Heap after GC invocations=2499 (full 4):
 PSYoungGen      total 7168K, used 1248K [0x00000000d5580000, 0x00000000d6480000, 0x0000000100000000)
  eden space 5632K, 0% used [0x00000000d5580000,0x00000000d5580000,0x00000000d5b00000)
  from space 1536K, 81% used [0x00000000d5b00000,0x00000000d5c38000,0x00000000d5c80000)
  to   space 4096K, 0% used [0x00000000d6080000,0x00000000d6080000,0x00000000d6480000)
 ParOldGen       total 787968K, used 461411K [0x0000000080000000, 0x00000000b0180000, 0x00000000d5580000)
  object space 787968K, 58% used [0x0000000080000000,0x000000009c298c90,0x00000000b0180000)
 Metaspace       used 78028K, committed 79680K, reserved 1179648K
  class space    used 7761K, committed 8512K, reserved 1048576K
}
Event: 2195.238 GC heap before
{Heap before GC invocations=2500 (full 4):
 PSYoungGen      total 7168K, used 6880K [0x00000000d5580000, 0x00000000d6480000, 0x0000000100000000)
  eden space 5632K, 100% used [0x00000000d5580000,0x00000000d5b00000,0x00000000d5b00000)
  from space 1536K, 81% used [0x00000000d5b00000,0x00000000d5c38000,0x00000000d5c80000)
  to   space 4096K, 0% used [0x00000000d6080000,0x00000000d6080000,0x00000000d6480000)
 ParOldGen       total 787968K, used 461411K [0x0000000080000000, 0x00000000b0180000, 0x00000000d5580000)
  object space 787968K, 58% used [0x0000000080000000,0x000000009c298c90,0x00000000b0180000)
 Metaspace       used 78028K, committed 79680K, reserved 1179648K
  class space    used 7761K, committed 8512K, reserved 1048576K
}
Event: 2195.245 GC heap after
{Heap after GC invocations=2500 (full 4):
 PSYoungGen      total 8192K, used 512K [0x00000000d5580000, 0x00000000d6180000, 0x0000000100000000)
  eden space 7168K, 0% used [0x00000000d5580000,0x00000000d5580000,0x00000000d5c80000)
  from space 1024K, 50% used [0x00000000d6080000,0x00000000d6100020,0x00000000d6180000)
  to   space 1536K, 0% used [0x00000000d5e80000,0x00000000d5e80000,0x00000000d6000000)
 ParOldGen       total 787968K, used 462487K [0x0000000080000000, 0x00000000b0180000, 0x00000000d5580000)
  object space 787968K, 58% used [0x0000000080000000,0x000000009c3a5c08,0x00000000b0180000)
 Metaspace       used 78028K, committed 79680K, reserved 1179648K
  class space    used 7761K, committed 8512K, reserved 1048576K
}
Event: 2195.250 GC heap before
{Heap before GC invocations=2501 (full 4):
 PSYoungGen      total 8192K, used 7680K [0x00000000d5580000, 0x00000000d6180000, 0x0000000100000000)
  eden space 7168K, 100% used [0x00000000d5580000,0x00000000d5c80000,0x00000000d5c80000)
  from space 1024K, 50% used [0x00000000d6080000,0x00000000d6100020,0x00000000d6180000)
  to   space 1536K, 0% used [0x00000000d5e80000,0x00000000d5e80000,0x00000000d6000000)
 ParOldGen       total 787968K, used 462487K [0x0000000080000000, 0x00000000b0180000, 0x00000000d5580000)
  object space 787968K, 58% used [0x0000000080000000,0x000000009c3a5c08,0x00000000b0180000)
 Metaspace       used 78037K, committed 79680K, reserved 1179648K
  class space    used 7761K, committed 8512K, reserved 1048576K
}
Event: 2195.252 GC heap after
{Heap after GC invocations=2501 (full 4):
 PSYoungGen      total 10240K, used 768K [0x00000000d5580000, 0x00000000d6100000, 0x0000000100000000)
  eden space 8704K, 0% used [0x00000000d5580000,0x00000000d5580000,0x00000000d5e00000)
  from space 1536K, 50% used [0x00000000d5e80000,0x00000000d5f40020,0x00000000d6000000)
  to   space 1024K, 0% used [0x00000000d6000000,0x00000000d6000000,0x00000000d6100000)
 ParOldGen       total 787968K, used 462855K [0x0000000080000000, 0x00000000b0180000, 0x00000000d5580000)
  object space 787968K, 58% used [0x0000000080000000,0x000000009c401c08,0x00000000b0180000)
 Metaspace       used 78037K, committed 79680K, reserved 1179648K
  class space    used 7761K, committed 8512K, reserved 1048576K
}
Event: 2195.370 GC heap before
{Heap before GC invocations=2502 (full 4):
 PSYoungGen      total 10240K, used 9472K [0x00000000d5580000, 0x00000000d6100000, 0x0000000100000000)
  eden space 8704K, 100% used [0x00000000d5580000,0x00000000d5e00000,0x00000000d5e00000)
  from space 1536K, 50% used [0x00000000d5e80000,0x00000000d5f40020,0x00000000d6000000)
  to   space 1024K, 0% used [0x00000000d6000000,0x00000000d6000000,0x00000000d6100000)
 ParOldGen       total 787968K, used 462855K [0x0000000080000000, 0x00000000b0180000, 0x00000000d5580000)
  object space 787968K, 58% used [0x0000000080000000,0x000000009c401c08,0x00000000b0180000)
 Metaspace       used 78364K, committed 80064K, reserved 1179648K
  class space    used 7791K, committed 8576K, reserved 1048576K
}
Event: 2195.375 GC heap after
{Heap after GC invocations=2502 (full 4):
 PSYoungGen      total 10752K, used 880K [0x00000000d5580000, 0x00000000d6200000, 0x0000000100000000)
  eden space 9728K, 0% used [0x00000000d5580000,0x00000000d5580000,0x00000000d5f00000)
  from space 1024K, 85% used [0x00000000d6000000,0x00000000d60dc030,0x00000000d6100000)
  to   space 1024K, 0% used [0x00000000d5f00000,0x00000000d5f00000,0x00000000d6000000)
 ParOldGen       total 787968K, used 463471K [0x0000000080000000, 0x00000000b0180000, 0x00000000d5580000)
  object space 787968K, 58% used [0x0000000080000000,0x000000009c49bc28,0x00000000b0180000)
 Metaspace       used 78364K, committed 80064K, reserved 1179648K
  class space    used 7791K, committed 8576K, reserved 1048576K
}
Event: 2195.407 GC heap before
{Heap before GC invocations=2503 (full 4):
 PSYoungGen      total 10752K, used 10608K [0x00000000d5580000, 0x00000000d6200000, 0x0000000100000000)
  eden space 9728K, 100% used [0x00000000d5580000,0x00000000d5f00000,0x00000000d5f00000)
  from space 1024K, 85% used [0x00000000d6000000,0x00000000d60dc030,0x00000000d6100000)
  to   space 1024K, 0% used [0x00000000d5f00000,0x00000000d5f00000,0x00000000d6000000)
 ParOldGen       total 787968K, used 463471K [0x0000000080000000, 0x00000000b0180000, 0x00000000d5580000)
  object space 787968K, 58% used [0x0000000080000000,0x000000009c49bc28,0x00000000b0180000)
 Metaspace       used 78419K, committed 80128K, reserved 1179648K
  class space    used 7800K, committed 8576K, reserved 1048576K
}
Event: 2195.411 GC heap after
{Heap after GC invocations=2503 (full 4):
 PSYoungGen      total 10752K, used 1001K [0x00000000d5580000, 0x00000000d6500000, 0x0000000100000000)
  eden space 9728K, 0% used [0x00000000d5580000,0x00000000d5580000,0x00000000d5f00000)
  from space 1024K, 97% used [0x00000000d5f00000,0x00000000d5ffa400,0x00000000d6000000)
  to   space 2048K, 0% used [0x00000000d6300000,0x00000000d6300000,0x00000000d6500000)
 ParOldGen       total 787968K, used 464275K [0x0000000080000000, 0x00000000b0180000, 0x00000000d5580000)
  object space 787968K, 58% used [0x0000000080000000,0x000000009c564c78,0x00000000b0180000)
 Metaspace       used 78419K, committed 80128K, reserved 1179648K
  class space    used 7800K, committed 8576K, reserved 1048576K
}
Event: 2195.419 GC heap before
{Heap before GC invocations=2504 (full 4):
 PSYoungGen      total 10752K, used 10729K [0x00000000d5580000, 0x00000000d6500000, 0x0000000100000000)
  eden space 9728K, 100% used [0x00000000d5580000,0x00000000d5f00000,0x00000000d5f00000)
  from space 1024K, 97% used [0x00000000d5f00000,0x00000000d5ffa400,0x00000000d6000000)
  to   space 2048K, 0% used [0x00000000d6300000,0x00000000d6300000,0x00000000d6500000)
 ParOldGen       total 787968K, used 464275K [0x0000000080000000, 0x00000000b0180000, 0x00000000d5580000)
  object space 787968K, 58% used [0x0000000080000000,0x000000009c564c78,0x00000000b0180000)
 Metaspace       used 78419K, committed 80128K, reserved 1179648K
  class space    used 7800K, committed 8576K, reserved 1048576K
}
Event: 2195.424 GC heap after
{Heap after GC invocations=2504 (full 4):
 PSYoungGen      total 12800K, used 864K [0x00000000d5580000, 0x00000000d6400000, 0x0000000100000000)
  eden space 11776K, 0% used [0x00000000d5580000,0x00000000d5580000,0x00000000d6100000)
  from space 1024K, 84% used [0x00000000d6300000,0x00000000d63d8020,0x00000000d6400000)
  to   space 1536K, 0% used [0x00000000d6100000,0x00000000d6100000,0x00000000d6280000)
 ParOldGen       total 787968K, used 465222K [0x0000000080000000, 0x00000000b0180000, 0x00000000d5580000)
  object space 787968K, 59% used [0x0000000080000000,0x000000009c6518a8,0x00000000b0180000)
 Metaspace       used 78419K, committed 80128K, reserved 1179648K
  class space    used 7800K, committed 8576K, reserved 1048576K
}
Event: 3414.912 GC heap before
{Heap before GC invocations=2505 (full 4):
 PSYoungGen      total 12800K, used 12640K [0x00000000d5580000, 0x00000000d6400000, 0x0000000100000000)
  eden space 11776K, 100% used [0x00000000d5580000,0x00000000d6100000,0x00000000d6100000)
  from space 1024K, 84% used [0x00000000d6300000,0x00000000d63d8020,0x00000000d6400000)
  to   space 1536K, 0% used [0x00000000d6100000,0x00000000d6100000,0x00000000d6280000)
 ParOldGen       total 787968K, used 465222K [0x0000000080000000, 0x00000000b0180000, 0x00000000d5580000)
  object space 787968K, 59% used [0x0000000080000000,0x000000009c6518a8,0x00000000b0180000)
 Metaspace       used 78439K, committed 80128K, reserved 1179648K
  class space    used 7800K, committed 8576K, reserved 1048576K
}
Event: 3415.079 GC heap after
{Heap after GC invocations=2505 (full 4):
 PSYoungGen      total 13312K, used 960K [0x00000000d5580000, 0x00000000d6380000, 0x0000000100000000)
  eden space 11776K, 0% used [0x00000000d5580000,0x00000000d5580000,0x00000000d6100000)
  from space 1536K, 62% used [0x00000000d6100000,0x00000000d61f0060,0x00000000d6280000)
  to   space 1024K, 0% used [0x00000000d6280000,0x00000000d6280000,0x00000000d6380000)
 ParOldGen       total 787968K, used 465950K [0x0000000080000000, 0x00000000b0180000, 0x00000000d5580000)
  object space 787968K, 59% used [0x0000000080000000,0x000000009c7078c8,0x00000000b0180000)
 Metaspace       used 78439K, committed 80128K, reserved 1179648K
  class space    used 7800K, committed 8576K, reserved 1048576K
}
Event: 3415.445 GC heap before
{Heap before GC invocations=2506 (full 4):
 PSYoungGen      total 13312K, used 12736K [0x00000000d5580000, 0x00000000d6380000, 0x0000000100000000)
  eden space 11776K, 100% used [0x00000000d5580000,0x00000000d6100000,0x00000000d6100000)
  from space 1536K, 62% used [0x00000000d6100000,0x00000000d61f0060,0x00000000d6280000)
  to   space 1024K, 0% used [0x00000000d6280000,0x00000000d6280000,0x00000000d6380000)
 ParOldGen       total 787968K, used 465950K [0x0000000080000000, 0x00000000b0180000, 0x00000000d5580000)
  object space 787968K, 59% used [0x0000000080000000,0x000000009c7078c8,0x00000000b0180000)
 Metaspace       used 78439K, committed 80128K, reserved 1179648K
  class space    used 7800K, committed 8576K, reserved 1048576K
}
Event: 3417.475 GC heap after
{Heap after GC invocations=2506 (full 4):
 PSYoungGen      total 12800K, used 1001K [0x00000000d5580000, 0x00000000d6380000, 0x0000000100000000)
  eden space 11776K, 0% used [0x00000000d5580000,0x00000000d5580000,0x00000000d6100000)
  from space 1024K, 97% used [0x00000000d6280000,0x00000000d637a400,0x00000000d6380000)
  to   space 1536K, 0% used [0x00000000d6100000,0x00000000d6100000,0x00000000d6280000)
 ParOldGen       total 787968K, used 466944K [0x0000000080000000, 0x00000000b0180000, 0x00000000d5580000)
  object space 787968K, 59% used [0x0000000080000000,0x000000009c800148,0x00000000b0180000)
 Metaspace       used 78439K, committed 80128K, reserved 1179648K
  class space    used 7800K, committed 8576K, reserved 1048576K
}
Event: 3417.644 GC heap before
{Heap before GC invocations=2507 (full 4):
 PSYoungGen      total 12800K, used 12777K [0x00000000d5580000, 0x00000000d6380000, 0x0000000100000000)
  eden space 11776K, 100% used [0x00000000d5580000,0x00000000d6100000,0x00000000d6100000)
  from space 1024K, 97% used [0x00000000d6280000,0x00000000d637a400,0x00000000d6380000)
  to   space 1536K, 0% used [0x00000000d6100000,0x00000000d6100000,0x00000000d6280000)
 ParOldGen       total 787968K, used 466944K [0x0000000080000000, 0x00000000b0180000, 0x00000000d5580000)
  object space 787968K, 59% used [0x0000000080000000,0x000000009c800148,0x00000000b0180000)
 Metaspace       used 78439K, committed 80128K, reserved 1179648K
  class space    used 7800K, committed 8576K, reserved 1048576K
}
Event: 3417.750 GC heap after
{Heap after GC invocations=2507 (full 4):
 PSYoungGen      total 13312K, used 1056K [0x00000000d5580000, 0x00000000d6400000, 0x0000000100000000)
  eden space 11776K, 0% used [0x00000000d5580000,0x00000000d5580000,0x00000000d6100000)
  from space 1536K, 68% used [0x00000000d6100000,0x00000000d6208020,0x00000000d6280000)
  to   space 1536K, 0% used [0x00000000d6280000,0x00000000d6280000,0x00000000d6400000)
 ParOldGen       total 787968K, used 467945K [0x0000000080000000, 0x00000000b0180000, 0x00000000d5580000)
  object space 787968K, 59% used [0x0000000080000000,0x000000009c8fa568,0x00000000b0180000)
 Metaspace       used 78439K, committed 80128K, reserved 1179648K
  class space    used 7800K, committed 8576K, reserved 1048576K
}

Dll operation events (11 events):
Event: 0.042 Loaded shared library c:\Users\nguye\.vscode\extensions\redhat.java-1.44.0-win32-x64\jre\21.0.8-win32-x86_64\bin\java.dll
Event: 0.304 Loaded shared library c:\Users\nguye\.vscode\extensions\redhat.java-1.44.0-win32-x64\jre\21.0.8-win32-x86_64\bin\zip.dll
Event: 0.389 Loaded shared library C:\Users\nguye\.vscode\extensions\redhat.java-1.44.0-win32-x64\jre\21.0.8-win32-x86_64\bin\instrument.dll
Event: 0.401 Loaded shared library C:\Users\nguye\.vscode\extensions\redhat.java-1.44.0-win32-x64\jre\21.0.8-win32-x86_64\bin\net.dll
Event: 0.407 Loaded shared library C:\Users\nguye\.vscode\extensions\redhat.java-1.44.0-win32-x64\jre\21.0.8-win32-x86_64\bin\nio.dll
Event: 0.413 Loaded shared library C:\Users\nguye\.vscode\extensions\redhat.java-1.44.0-win32-x64\jre\21.0.8-win32-x86_64\bin\zip.dll
Event: 0.481 Loaded shared library C:\Users\nguye\.vscode\extensions\redhat.java-1.44.0-win32-x64\jre\21.0.8-win32-x86_64\bin\jimage.dll
Event: 0.867 Loaded shared library c:\Users\nguye\.vscode\extensions\redhat.java-1.44.0-win32-x64\jre\21.0.8-win32-x86_64\bin\verify.dll
Event: 4.328 Loaded shared library C:\Users\nguye\AppData\Roaming\Code\User\globalStorage\redhat.java\1.44.0\config_win\org.eclipse.equinox.launcher\org.eclipse.equinox.launcher.win32.win32.x86_64_1.2.1400.v20250730-1736\eclipse_11913.dll
Event: 21.541 Loaded shared library C:\Users\nguye\AppData\Local\Temp\jna-104772072\jna10945714749063297333.dll
Event: 77.472 Loaded shared library C:\Users\nguye\.vscode\extensions\redhat.java-1.44.0-win32-x64\jre\21.0.8-win32-x86_64\bin\sunmscapi.dll

Deoptimization events (20 events):
Event: 2195.370 Thread 0x000001caf6467de0 Uncommon trap: trap_request=0xffffff45 fr.pc=0x000001cae2898b40 relative=0x0000000000000120
Event: 2195.370 Thread 0x000001caf6467de0 Uncommon trap: reason=unstable_if action=reinterpret pc=0x000001cae2898b40 method=java.util.regex.Pattern.RemoveQEQuoting()V @ 41 c2
Event: 2195.370 Thread 0x000001caf6467de0 DEOPT PACKING pc=0x000001cae2898b40 sp=0x00000054752fdc00
Event: 2195.370 Thread 0x000001caf6467de0 DEOPT UNPACKING pc=0x000001cae1633aa2 sp=0x00000054752fdb50 mode 2
Event: 2195.406 Thread 0x000001caf6467de0 DEOPT PACKING pc=0x000001cadcdcac6f sp=0x00000054752fc960
Event: 2195.406 Thread 0x000001caf6467de0 DEOPT UNPACKING pc=0x000001cae1634242 sp=0x00000054752fbe70 mode 0
Event: 2195.411 Thread 0x000001caf6467de0 DEOPT PACKING pc=0x000001cadcdcac6f sp=0x00000054752fc960
Event: 2195.411 Thread 0x000001caf6467de0 DEOPT UNPACKING pc=0x000001cae1634242 sp=0x00000054752fbe70 mode 0
Event: 2195.413 Thread 0x000001caf6467de0 DEOPT PACKING pc=0x000001cadcdcac6f sp=0x00000054752fc9f0
Event: 2195.413 Thread 0x000001caf6467de0 DEOPT UNPACKING pc=0x000001cae1634242 sp=0x00000054752fbf00 mode 0
Event: 3414.737 Thread 0x000001caf64670c0 Uncommon trap: trap_request=0xffffff45 fr.pc=0x000001cae2a436dc relative=0x000000000000017c
Event: 3414.738 Thread 0x000001caf64670c0 Uncommon trap: reason=unstable_if action=reinterpret pc=0x000001cae2a436dc method=java.util.concurrent.locks.ReentrantReadWriteLock$Sync.tryReleaseShared(I)Z @ 129 c2
Event: 3414.738 Thread 0x000001caf64670c0 DEOPT PACKING pc=0x000001cae2a436dc sp=0x00000054750fe160
Event: 3414.738 Thread 0x000001caf64670c0 DEOPT UNPACKING pc=0x000001cae1633aa2 sp=0x00000054750fe0d8 mode 2
Event: 3415.434 Thread 0x000001caf6467de0 DEOPT PACKING pc=0x000001cadcdcac6f sp=0x00000054751fc910
Event: 3415.435 Thread 0x000001caf6467de0 DEOPT UNPACKING pc=0x000001cae1634242 sp=0x00000054751fbe20 mode 0
Event: 3415.439 Thread 0x000001caf6467de0 DEOPT PACKING pc=0x000001cadcdcac6f sp=0x00000054751fc910
Event: 3415.439 Thread 0x000001caf6467de0 DEOPT UNPACKING pc=0x000001cae1634242 sp=0x00000054751fbe20 mode 0
Event: 3415.443 Thread 0x000001caf6467de0 DEOPT PACKING pc=0x000001cadcdcac6f sp=0x00000054751fc910
Event: 3415.443 Thread 0x000001caf6467de0 DEOPT UNPACKING pc=0x000001cae1634242 sp=0x00000054751fbe20 mode 0

Classes loaded (20 events):
Event: 81.390 Loading class jdk/internal/ref/CleanerImpl$InnocuousThreadFactory
Event: 81.390 Loading class jdk/internal/ref/CleanerImpl$InnocuousThreadFactory done
Event: 81.749 Loading class java/util/HashMap$EntrySpliterator
Event: 81.750 Loading class java/util/HashMap$EntrySpliterator done
Event: 328.862 Loading class java/util/stream/Nodes$CollectorTask$OfRef
Event: 328.870 Loading class java/util/stream/Nodes$CollectorTask
Event: 329.151 Loading class java/util/stream/Nodes$CollectorTask done
Event: 329.151 Loading class java/util/stream/Nodes$CollectorTask$OfRef done
Event: 329.163 Loading class java/util/function/LongFunction
Event: 329.171 Loading class java/util/function/LongFunction done
Event: 329.187 Loading class java/util/stream/Nodes$ConcNode
Event: 329.196 Loading class java/util/stream/Nodes$AbstractConcNode
Event: 329.214 Loading class java/util/stream/Nodes$AbstractConcNode done
Event: 329.214 Loading class java/util/stream/Nodes$ConcNode done
Event: 329.461 Loading class java/io/ObjectOutputStream$BlockDataOutputStream
Event: 329.465 Loading class java/io/ObjectOutputStream$BlockDataOutputStream done
Event: 329.468 Loading class java/io/ObjectOutputStream$HandleTable
Event: 329.471 Loading class java/io/ObjectOutputStream$HandleTable done
Event: 329.474 Loading class java/io/ObjectOutputStream$ReplaceTable
Event: 329.475 Loading class java/io/ObjectOutputStream$ReplaceTable done

Classes unloaded (10 events):
Event: 22.389 Thread 0x000001cad6f647f0 Unloading class 0x000001ca811a9800 'java/lang/invoke/LambdaForm$MH+0x000001ca811a9800'
Event: 22.389 Thread 0x000001cad6f647f0 Unloading class 0x000001ca811a9400 'java/lang/invoke/LambdaForm$MH+0x000001ca811a9400'
Event: 22.389 Thread 0x000001cad6f647f0 Unloading class 0x000001ca811a9000 'java/lang/invoke/LambdaForm$MH+0x000001ca811a9000'
Event: 22.389 Thread 0x000001cad6f647f0 Unloading class 0x000001ca811a8c00 'java/lang/invoke/LambdaForm$MH+0x000001ca811a8c00'
Event: 22.389 Thread 0x000001cad6f647f0 Unloading class 0x000001ca811a8800 'java/lang/invoke/LambdaForm$BMH+0x000001ca811a8800'
Event: 22.389 Thread 0x000001cad6f647f0 Unloading class 0x000001ca811a8400 'java/lang/invoke/LambdaForm$DMH+0x000001ca811a8400'
Event: 22.389 Thread 0x000001cad6f647f0 Unloading class 0x000001ca811a3000 'java/lang/invoke/LambdaForm$DMH+0x000001ca811a3000'
Event: 77.558 Thread 0x000001cad6f647f0 Unloading class 0x000001ca816e4c00 'java/lang/invoke/LambdaForm$DMH+0x000001ca816e4c00'
Event: 77.558 Thread 0x000001cad6f647f0 Unloading class 0x000001ca816e4800 'java/lang/invoke/LambdaForm$DMH+0x000001ca816e4800'
Event: 77.558 Thread 0x000001cad6f647f0 Unloading class 0x000001ca816e4000 'java/lang/invoke/LambdaForm$DMH+0x000001ca816e4000'

Classes redefined (0 events):
No events

Internal exceptions (20 events):
Event: 81.230 Thread 0x000001caeecdda10 Exception <a 'sun/nio/fs/WindowsException'{0x00000000d63ce8a8}> (0x00000000d63ce8a8) 
thrown [s\src\hotspot\share\prims\jni.cpp, line 520]
Event: 81.230 Thread 0x000001caeecdda10 Exception <a 'sun/nio/fs/WindowsException'{0x00000000d63e1488}> (0x00000000d63e1488) 
thrown [s\src\hotspot\share\prims\jni.cpp, line 520]
Event: 81.231 Thread 0x000001caeecdda10 Exception <a 'sun/nio/fs/WindowsException'{0x00000000d63e21b0}> (0x00000000d63e21b0) 
thrown [s\src\hotspot\share\prims\jni.cpp, line 520]
Event: 81.231 Thread 0x000001caeecdda10 Exception <a 'sun/nio/fs/WindowsException'{0x00000000d63e28c0}> (0x00000000d63e28c0) 
thrown [s\src\hotspot\share\prims\jni.cpp, line 520]
Event: 81.231 Thread 0x000001caeecdda10 Exception <a 'sun/nio/fs/WindowsException'{0x00000000d63e4298}> (0x00000000d63e4298) 
thrown [s\src\hotspot\share\prims\jni.cpp, line 520]
Event: 81.231 Thread 0x000001caeecdda10 Exception <a 'sun/nio/fs/WindowsException'{0x00000000d63e49a8}> (0x00000000d63e49a8) 
thrown [s\src\hotspot\share\prims\jni.cpp, line 520]
Event: 81.240 Thread 0x000001caeecdda10 Exception <a 'sun/nio/fs/WindowsException'{0x00000000d55cf120}> (0x00000000d55cf120) 
thrown [s\src\hotspot\share\prims\jni.cpp, line 520]
Event: 81.240 Thread 0x000001caeecdda10 Exception <a 'sun/nio/fs/WindowsException'{0x00000000d55cfae0}> (0x00000000d55cfae0) 
thrown [s\src\hotspot\share\prims\jni.cpp, line 520]
Event: 93.548 Thread 0x000001caf80f1700 Exception <a 'java/lang/IncompatibleClassChangeError'{0x00000000d5626308}: Found class java.lang.Object, but interface was expected> (0x00000000d5626308) 
thrown [s\src\hotspot\share\interpreter\linkResolver.cpp, line 840]
Event: 93.554 Thread 0x000001caf4506560 Exception <a 'java/lang/NoSuchMethodError'{0x00000000d569ce60}: 'java.lang.Object java.lang.invoke.DirectMethodHandle$Holder.invokeSpecial(java.lang.Object, java.lang.Object, java.lang.Object, java.lang.Object, int, java.lang.Object, java.lang.Object)'> (0x00000000d569ce60) 
thrown [s\src\hotspot\share\interpreter\linkResolver.cpp, line 773]
Event: 93.780 Thread 0x000001caeecdd380 Exception <a 'sun/nio/fs/WindowsException'{0x00000000d58f0b50}> (0x00000000d58f0b50) 
thrown [s\src\hotspot\share\prims\jni.cpp, line 520]
Event: 93.780 Thread 0x000001caeecdd380 Exception <a 'sun/nio/fs/WindowsException'{0x00000000d58f1550}> (0x00000000d58f1550) 
thrown [s\src\hotspot\share\prims\jni.cpp, line 520]
Event: 329.604 Thread 0x000001caeecdd380 Exception <a 'java/lang/NoSuchMethodError'{0x00000000d5730a70}: static [J.<clinit>()V> (0x00000000d5730a70) 
thrown [s\src\hotspot\share\prims\jni.cpp, line 1111]
Event: 329.703 Thread 0x000001caeecdd380 Exception <a 'java/lang/NoSuchMethodError'{0x00000000d57baa88}: 'java.lang.Object java.lang.invoke.DirectMethodHandle$Holder.newInvokeSpecial(java.lang.Object, java.lang.Object, java.lang.Object, java.lang.Object, java.lang.Object, java.lang.Object, java.lang.Object, java.lang.Object)'> (0x00000000d57baa88) 
thrown [s\src\hotspot\share\interpreter\linkResolver.cpp, line 773]
Event: 2164.538 Thread 0x000001caf6468b00 Exception <a 'java/lang/ArrayIndexOutOfBoundsException'{0x00000000d57269c0}> (0x00000000d57269c0) 
thrown [s\src\hotspot\share\runtime\sharedRuntime.cpp, line 625]
Event: 2166.003 Thread 0x000001caf6467de0 Implicit null exception at 0x000001cae20a5359 to 0x000001cae20a6fcc
Event: 2166.007 Thread 0x000001caf6467de0 Implicit null exception at 0x000001cae1f85219 to 0x000001cae1f86cb8
Event: 2166.349 Thread 0x000001caf6467de0 Implicit null exception at 0x000001cae28d06be to 0x000001cae28d41c0
Event: 2166.492 Thread 0x000001caf6467de0 Exception <a 'java/lang/NoSuchMethodError'{0x00000000d55d7818}: 'java.lang.Object java.lang.invoke.DirectMethodHandle$Holder.newInvokeSpecial(java.lang.Object, java.lang.Object, int, java.lang.Object, java.lang.Object, java.lang.Object, java.lang.Object)'> (0x00000000d55d7818) 
thrown [s\src\hotspot\share\interpreter\linkResolver.cpp, line 773]
Event: 2168.407 Thread 0x000001caf80f1700 Exception <a 'java/lang/IncompatibleClassChangeError'{0x00000000d57025f8}: Found class java.lang.Object, but interface was expected> (0x00000000d57025f8) 
thrown [s\src\hotspot\share\interpreter\linkResolver.cpp, line 840]

ZGC Phase Switch (0 events):
No events

VM Operations (20 events):
Event: 3064.239 Executing VM operation: HandshakeAllThreads (HandshakeForDeflation)
Event: 3064.239 Executing VM operation: HandshakeAllThreads (HandshakeForDeflation) done
Event: 3064.239 Executing VM operation: RendezvousGCThreads
Event: 3064.239 Executing VM operation: RendezvousGCThreads done
Event: 3184.346 Executing VM operation: HandshakeAllThreads (HandshakeForDeflation)
Event: 3184.346 Executing VM operation: HandshakeAllThreads (HandshakeForDeflation) done
Event: 3184.346 Executing VM operation: RendezvousGCThreads
Event: 3184.346 Executing VM operation: RendezvousGCThreads done
Event: 3414.911 Executing VM operation: ParallelGCFailedAllocation (Allocation Failure)
Event: 3415.079 Executing VM operation: ParallelGCFailedAllocation (Allocation Failure) done
Event: 3415.444 Executing VM operation: ParallelGCFailedAllocation (Allocation Failure)
Event: 3417.475 Executing VM operation: ParallelGCFailedAllocation (Allocation Failure) done
Event: 3417.618 Executing VM operation: ParallelGCFailedAllocation (Allocation Failure)
Event: 3417.751 Executing VM operation: ParallelGCFailedAllocation (Allocation Failure) done
Event: 3418.761 Executing VM operation: Cleanup
Event: 3418.823 Executing VM operation: Cleanup done
Event: 3419.832 Executing VM operation: Cleanup
Event: 3419.847 Executing VM operation: Cleanup done
Event: 3420.860 Executing VM operation: Cleanup
Event: 3420.860 Executing VM operation: Cleanup done

Memory protections (0 events):
No events

Nmethod flushes (20 events):
Event: 77.656 Thread 0x000001cad6f647f0 flushing  nmethod 0x000001cadb5c5390
Event: 77.656 Thread 0x000001cad6f647f0 flushing  nmethod 0x000001cadb5c5c10
Event: 77.656 Thread 0x000001cad6f647f0 flushing  nmethod 0x000001cadb5c6890
Event: 77.656 Thread 0x000001cad6f647f0 flushing  nmethod 0x000001cadb5c9890
Event: 77.656 Thread 0x000001cad6f647f0 flushing  nmethod 0x000001cadb5caa90
Event: 77.656 Thread 0x000001cad6f647f0 flushing  nmethod 0x000001cadb5cba10
Event: 77.656 Thread 0x000001cad6f647f0 flushing  nmethod 0x000001cadb5d0b10
Event: 77.656 Thread 0x000001cad6f647f0 flushing  nmethod 0x000001cadb5d3d90
Event: 77.656 Thread 0x000001cad6f647f0 flushing  nmethod 0x000001cadb5d6290
Event: 77.656 Thread 0x000001cad6f647f0 flushing osr nmethod 0x000001cadb5d6b90
Event: 77.656 Thread 0x000001cad6f647f0 flushing osr nmethod 0x000001cadb5de090
Event: 77.656 Thread 0x000001cad6f647f0 flushing  nmethod 0x000001cadb5f9510
Event: 77.656 Thread 0x000001cad6f647f0 flushing  nmethod 0x000001cadb611610
Event: 77.656 Thread 0x000001cad6f647f0 flushing  nmethod 0x000001cadb616b90
Event: 77.656 Thread 0x000001cad6f647f0 flushing  nmethod 0x000001cadb67c490
Event: 77.656 Thread 0x000001cad6f647f0 flushing osr nmethod 0x000001cadb68b190
Event: 77.656 Thread 0x000001cad6f647f0 flushing  nmethod 0x000001cadb696690
Event: 77.656 Thread 0x000001cad6f647f0 flushing osr nmethod 0x000001cadb6d8e10
Event: 77.656 Thread 0x000001cad6f647f0 flushing osr nmethod 0x000001cadb6dee10
Event: 77.656 Thread 0x000001cad6f647f0 flushing osr nmethod 0x000001cadb741990

Events (20 events):
Event: 2255.448 Thread 0x000001caf6467de0 Thread exited: 0x000001caf6467de0
Event: 2315.459 Thread 0x000001caf646a540 Thread exited: 0x000001caf646a540
Event: 2375.466 Thread 0x000001caf6465680 Thread exited: 0x000001caf6465680
Event: 2435.472 Thread 0x000001caf6468b00 Thread exited: 0x000001caf6468b00
Event: 2495.483 Thread 0x000001caf6469190 Thread exited: 0x000001caf6469190
Event: 2555.493 Thread 0x000001caf64670c0 Thread exited: 0x000001caf64670c0
Event: 2615.505 Thread 0x000001caf6464ff0 Thread exited: 0x000001caf6464ff0
Event: 2675.527 Thread 0x000001caf64663a0 Thread exited: 0x000001caf64663a0
Event: 2735.523 Thread 0x000001caf646b8f0 Thread exited: 0x000001caf646b8f0
Event: 2795.538 Thread 0x000001caf6467750 Thread exited: 0x000001caf6467750
Event: 2855.531 Thread 0x000001caf6469eb0 Thread exited: 0x000001caf6469eb0
Event: 3414.678 Thread 0x000001caf80f1700 Thread added: 0x000001caf64670c0
Event: 3414.687 Thread 0x000001caf80f1700 Thread added: 0x000001caf6467de0
Event: 3414.690 Thread 0x000001caf80f1700 Thread added: 0x000001caf6467750
Event: 3414.768 Thread 0x000001caf80f1700 Thread added: 0x000001caf6468470
Event: 3414.787 Thread 0x000001caf6467de0 Thread added: 0x000001caf64663a0
Event: 3418.000 Thread 0x000001cad6f7e660 Thread added: 0x000001caf96bb520
Event: 3418.020 Thread 0x000001cad6f7e660 Thread added: 0x000001caf96bae50
Event: 3419.918 Thread 0x000001caf96bae50 Thread exited: 0x000001caf96bae50
Event: 3419.918 Thread 0x000001caf96bb520 Thread exited: 0x000001caf96bb520


Dynamic libraries:
0x00007ff6124a0000 - 0x00007ff6124ae000 	c:\Users\nguye\.vscode\extensions\redhat.java-1.44.0-win32-x64\jre\21.0.8-win32-x86_64\bin\java.exe
0x00007ff9190c0000 - 0x00007ff919323000 	C:\WINDOWS\SYSTEM32\ntdll.dll
0x00007ff918a50000 - 0x00007ff918b17000 	C:\WINDOWS\System32\KERNEL32.DLL
0x00007ff916520000 - 0x00007ff9168e7000 	C:\WINDOWS\System32\KERNELBASE.dll
0x00007ff916990000 - 0x00007ff916adc000 	C:\WINDOWS\System32\ucrtbase.dll
0x00007ff8f1130000 - 0x00007ff8f1148000 	c:\Users\nguye\.vscode\extensions\redhat.java-1.44.0-win32-x64\jre\21.0.8-win32-x86_64\bin\jli.dll
0x00007ff8d2a00000 - 0x00007ff8d2a1e000 	c:\Users\nguye\.vscode\extensions\redhat.java-1.44.0-win32-x64\jre\21.0.8-win32-x86_64\bin\VCRUNTIME140.dll
0x00007ff918860000 - 0x00007ff918a29000 	C:\WINDOWS\System32\USER32.dll
0x00007ff9164f0000 - 0x00007ff916517000 	C:\WINDOWS\System32\win32u.dll
0x00007ff918800000 - 0x00007ff91882a000 	C:\WINDOWS\System32\GDI32.dll
0x00007ff916dd0000 - 0x00007ff916efb000 	C:\WINDOWS\System32\gdi32full.dll
0x00007ff916d20000 - 0x00007ff916dc3000 	C:\WINDOWS\System32\msvcp_win.dll
0x00007ff8ff600000 - 0x00007ff8ff890000 	C:\WINDOWS\WinSxS\amd64_microsoft.windows.common-controls_6595b64144ccf1df_6.0.26100.3037_none_3e09262ce333c378\COMCTL32.dll
0x00007ff917de0000 - 0x00007ff917e89000 	C:\WINDOWS\System32\msvcrt.dll
0x00007ff918140000 - 0x00007ff91816f000 	C:\WINDOWS\System32\IMM32.DLL
0x00007ff90da20000 - 0x00007ff90da2c000 	c:\Users\nguye\.vscode\extensions\redhat.java-1.44.0-win32-x64\jre\21.0.8-win32-x86_64\bin\vcruntime140_1.dll
0x00007ff890680000 - 0x00007ff89070d000 	c:\Users\nguye\.vscode\extensions\redhat.java-1.44.0-win32-x64\jre\21.0.8-win32-x86_64\bin\msvcp140.dll
0x00007ff889700000 - 0x00007ff88a497000 	c:\Users\nguye\.vscode\extensions\redhat.java-1.44.0-win32-x64\jre\21.0.8-win32-x86_64\bin\server\jvm.dll
0x00007ff917780000 - 0x00007ff917834000 	C:\WINDOWS\System32\ADVAPI32.dll
0x00007ff9182e0000 - 0x00007ff918386000 	C:\WINDOWS\System32\sechost.dll
0x00007ff917610000 - 0x00007ff917726000 	C:\WINDOWS\System32\RPCRT4.dll
0x00007ff918030000 - 0x00007ff9180a4000 	C:\WINDOWS\System32\WS2_32.dll
0x00007ff90d3c0000 - 0x00007ff90d3f6000 	C:\WINDOWS\SYSTEM32\WINMM.dll
0x00007ff915100000 - 0x00007ff91514e000 	C:\WINDOWS\SYSTEM32\POWRPROF.dll
0x00007ff90dea0000 - 0x00007ff90deab000 	C:\WINDOWS\SYSTEM32\VERSION.dll
0x00007ff9150e0000 - 0x00007ff9150f4000 	C:\WINDOWS\SYSTEM32\UMPDC.dll
0x00007ff9153a0000 - 0x00007ff9153ba000 	C:\WINDOWS\SYSTEM32\kernel.appcore.dll
0x00007ff90d7e0000 - 0x00007ff90d7ea000 	c:\Users\nguye\.vscode\extensions\redhat.java-1.44.0-win32-x64\jre\21.0.8-win32-x86_64\bin\jimage.dll
0x00007ff913c00000 - 0x00007ff913e41000 	C:\WINDOWS\SYSTEM32\DBGHELP.DLL
0x00007ff918410000 - 0x00007ff91878e000 	C:\WINDOWS\System32\combase.dll
0x00007ff918f20000 - 0x00007ff918ff6000 	C:\WINDOWS\System32\OLEAUT32.dll
0x00007ff8ff9a0000 - 0x00007ff8ff9d9000 	C:\WINDOWS\SYSTEM32\dbgcore.DLL
0x00007ff9168f0000 - 0x00007ff916989000 	C:\WINDOWS\System32\bcryptPrimitives.dll
0x00007ff909950000 - 0x00007ff90995f000 	c:\Users\nguye\.vscode\extensions\redhat.java-1.44.0-win32-x64\jre\21.0.8-win32-x86_64\bin\instrument.dll
0x00007ff8d29e0000 - 0x00007ff8d29ff000 	c:\Users\nguye\.vscode\extensions\redhat.java-1.44.0-win32-x64\jre\21.0.8-win32-x86_64\bin\java.dll
0x00007ff916f00000 - 0x00007ff917604000 	C:\WINDOWS\System32\SHELL32.dll
0x00007ff913e50000 - 0x00007ff914687000 	C:\WINDOWS\SYSTEM32\windows.storage.dll
0x00007ff917cf0000 - 0x00007ff917dd9000 	C:\WINDOWS\System32\SHCORE.dll
0x00007ff9187a0000 - 0x00007ff9187fd000 	C:\WINDOWS\System32\shlwapi.dll
0x00007ff916370000 - 0x00007ff91639e000 	C:\WINDOWS\SYSTEM32\profapi.dll
0x00007ff8d29c0000 - 0x00007ff8d29d8000 	c:\Users\nguye\.vscode\extensions\redhat.java-1.44.0-win32-x64\jre\21.0.8-win32-x86_64\bin\zip.dll
0x00007ff9045e0000 - 0x00007ff9045f0000 	C:\Users\nguye\.vscode\extensions\redhat.java-1.44.0-win32-x64\jre\21.0.8-win32-x86_64\bin\net.dll
0x00007ff90dc50000 - 0x00007ff90dd6e000 	C:\WINDOWS\SYSTEM32\WINHTTP.dll
0x00007ff9158b0000 - 0x00007ff91591a000 	C:\WINDOWS\system32\mswsock.dll
0x00007ff8c7a10000 - 0x00007ff8c7a26000 	C:\Users\nguye\.vscode\extensions\redhat.java-1.44.0-win32-x64\jre\21.0.8-win32-x86_64\bin\nio.dll
0x00007ff903f00000 - 0x00007ff903f10000 	c:\Users\nguye\.vscode\extensions\redhat.java-1.44.0-win32-x64\jre\21.0.8-win32-x86_64\bin\verify.dll
0x00007ff8dd630000 - 0x00007ff8dd675000 	C:\Users\nguye\AppData\Roaming\Code\User\globalStorage\redhat.java\1.44.0\config_win\org.eclipse.equinox.launcher\org.eclipse.equinox.launcher.win32.win32.x86_64_1.2.1400.v20250730-1736\eclipse_11913.dll
0x00007ff917e90000 - 0x00007ff918025000 	C:\WINDOWS\System32\ole32.dll
0x00007ff915b50000 - 0x00007ff915b6c000 	C:\WINDOWS\SYSTEM32\CRYPTSP.dll
0x00007ff915300000 - 0x00007ff915338000 	C:\WINDOWS\system32\rsaenh.dll
0x00007ff915950000 - 0x00007ff91597b000 	C:\WINDOWS\SYSTEM32\USERENV.dll
0x00007ff915d90000 - 0x00007ff915db6000 	C:\WINDOWS\SYSTEM32\bcrypt.dll
0x00007ff915b70000 - 0x00007ff915b7c000 	C:\WINDOWS\SYSTEM32\CRYPTBASE.dll
0x00007ff914d20000 - 0x00007ff914d52000 	C:\WINDOWS\SYSTEM32\IPHLPAPI.DLL
0x00007ff919070000 - 0x00007ff91907a000 	C:\WINDOWS\System32\NSI.dll
0x00007ff905060000 - 0x00007ff9050a9000 	C:\Users\nguye\AppData\Local\Temp\jna-104772072\jna10945714749063297333.dll
0x00007ff918a30000 - 0x00007ff918a38000 	C:\WINDOWS\System32\PSAPI.DLL
0x00007ff90d5f0000 - 0x00007ff90d60f000 	C:\WINDOWS\SYSTEM32\dhcpcsvc6.DLL
0x00007ff90d5c0000 - 0x00007ff90d5e5000 	C:\WINDOWS\SYSTEM32\dhcpcsvc.DLL
0x00007ff9154c0000 - 0x00007ff9154f5000 	C:\WINDOWS\SYSTEM32\ntmarta.dll
0x00007ff90da10000 - 0x00007ff90da1e000 	C:\Users\nguye\.vscode\extensions\redhat.java-1.44.0-win32-x64\jre\21.0.8-win32-x86_64\bin\sunmscapi.dll
0x00007ff916ae0000 - 0x00007ff916c56000 	C:\WINDOWS\System32\CRYPT32.dll
0x00007ff915d50000 - 0x00007ff915d80000 	C:\WINDOWS\SYSTEM32\ncrypt.dll
0x00007ff915d00000 - 0x00007ff915d3f000 	C:\WINDOWS\SYSTEM32\NTASN1.dll

JVMTI agents:
c:\Users\nguye\.vscode\extensions\redhat.java-1.44.0-win32-x64\lombok\lombok-1.18.39-4050.jar path:c:\Users\nguye\.vscode\extensions\redhat.java-1.44.0-win32-x64\jre\21.0.8-win32-x86_64\bin\instrument.dll, loaded, initialized, instrumentlib options:none

dbghelp: loaded successfully - version: 4.0.5 - missing functions: none
symbol engine: initialized successfully - sym options: 0x614 - pdb path: .;c:\Users\nguye\.vscode\extensions\redhat.java-1.44.0-win32-x64\jre\21.0.8-win32-x86_64\bin;C:\WINDOWS\SYSTEM32;C:\WINDOWS\WinSxS\amd64_microsoft.windows.common-controls_6595b64144ccf1df_6.0.26100.3037_none_3e09262ce333c378;c:\Users\nguye\.vscode\extensions\redhat.java-1.44.0-win32-x64\jre\21.0.8-win32-x86_64\bin\server;C:\Users\nguye\AppData\Roaming\Code\User\globalStorage\redhat.java\1.44.0\config_win\org.eclipse.equinox.launcher\org.eclipse.equinox.launcher.win32.win32.x86_64_1.2.1400.v20250730-1736;C:\Users\nguye\AppData\Local\Temp\jna-104772072

VM Arguments:
jvm_args: --add-modules=ALL-SYSTEM --add-opens=java.base/java.util=ALL-UNNAMED --add-opens=java.base/java.lang=ALL-UNNAMED --add-opens=java.base/sun.nio.fs=ALL-UNNAMED -Declipse.application=org.eclipse.jdt.ls.core.id1 -Dosgi.bundles.defaultStartLevel=4 -Declipse.product=org.eclipse.jdt.ls.core.product -Djava.import.generatesMetadataFilesAtProjectRoot=false -DDetectVMInstallationsJob.disabled=true -Dfile.encoding=utf8 -XX:+UseParallelGC -XX:GCTimeRatio=4 -XX:AdaptiveSizePolicyWeight=90 -Dsun.zip.disableMemoryMapping=true -Xmx2G -Xms100m -Xlog:disable -javaagent:c:\Users\nguye\.vscode\extensions\redhat.java-1.44.0-win32-x64\lombok\lombok-1.18.39-4050.jar -XX:+HeapDumpOnOutOfMemoryError -XX:HeapDumpPath=c:\Users\nguye\AppData\Roaming\Code\User\workspaceStorage\fe55d333836b03cac3fc4c9050fc90bd\redhat.java -Daether.dependencyCollector.impl=bf 
java_command: c:\Users\nguye\.vscode\extensions\redhat.java-1.44.0-win32-x64\server\plugins\org.eclipse.equinox.launcher_1.7.0.v20250519-0528.jar -configuration c:\Users\nguye\AppData\Roaming\Code\User\globalStorage\redhat.java\1.44.0\config_win -data c:\Users\nguye\AppData\Roaming\Code\User\workspaceStorage\fe55d333836b03cac3fc4c9050fc90bd\redhat.java\jdt_ws --pipe=\\.\pipe\lsp-d9f59ad41e84c28dee206bb63566aa06-sock
java_class_path (initial): c:\Users\nguye\.vscode\extensions\redhat.java-1.44.0-win32-x64\server\plugins\org.eclipse.equinox.launcher_1.7.0.v20250519-0528.jar
Launcher Type: SUN_STANDARD

[Global flags]
    uintx AdaptiveSizePolicyWeight                 = 90                                        {product} {command line}
     intx CICompilerCount                          = 4                                         {product} {ergonomic}
    uintx GCTimeRatio                              = 4                                         {product} {command line}
     bool HeapDumpOnOutOfMemoryError               = true                                   {manageable} {command line}
    ccstr HeapDumpPath                             = c:\Users\nguye\AppData\Roaming\Code\User\workspaceStorage\fe55d333836b03cac3fc4c9050fc90bd\redhat.java         {manageable} {command line}
   size_t InitialHeapSize                          = 104857600                                 {product} {command line}
   size_t MaxHeapSize                              = 2147483648                                {product} {command line}
   size_t MaxNewSize                               = 715653120                                 {product} {ergonomic}
   size_t MinHeapDeltaBytes                        = 524288                                    {product} {ergonomic}
   size_t MinHeapSize                              = 104857600                                 {product} {command line}
   size_t NewSize                                  = 34603008                                  {product} {ergonomic}
    uintx NonNMethodCodeHeapSize                   = 5839372                                {pd product} {ergonomic}
    uintx NonProfiledCodeHeapSize                  = 122909434                              {pd product} {ergonomic}
   size_t OldSize                                  = 70254592                                  {product} {ergonomic}
    uintx ProfiledCodeHeapSize                     = 122909434                              {pd product} {ergonomic}
    uintx ReservedCodeCacheSize                    = 251658240                              {pd product} {ergonomic}
     bool SegmentedCodeCache                       = true                                      {product} {ergonomic}
   size_t SoftMaxHeapSize                          = 2147483648                             {manageable} {ergonomic}
     bool UseCompressedOops                        = true                           {product lp64_product} {ergonomic}
     bool UseLargePagesIndividualAllocation        = false                                  {pd product} {ergonomic}
     bool UseParallelGC                            = true                                      {product} {command line}

Logging:
Log output configuration:
 #0: stdout all=off uptime,level,tags foldmultilines=false
 #1: stderr all=off uptime,level,tags foldmultilines=false

Environment Variables:
JAVA_HOME=C:\Program Files\Eclipse Adoptium\jdk-21.0.4.7-hotspot
PATH=C:\Program Files (x86)\VMware\VMware Workstation\bin\;C:\Program Files\Scripts\;C:\Program Files\Eclipse Adoptium\jdk-21.0.4.7-hotspot\bin;C:\Program Files\Eclipse Adoptium\jdk-21.0.4.7-hotspot\bin;C:\Program Files\Common Files\Oracle\Java\javapath;C:\Program Files\Microsoft\jdk-17.0.10.7-hotspot\bin;C:\Program Files\OpenLogic\jdk-21.0.3.1-hotspot\bin;C:\Windows\system32;C:\Windows;C:\Windows\System32\Wbem;C:\Windows\System32\WindowsPowerShell\v1.0\;C:\Windows\System32\OpenSSH\;C:\ProgramData\chocolatey\bin;C:\platform-tools-latest-windows\platform-tools;C:\Users\nguye\AppData\Local\Microsoft\WindowsApps;C:\Users\nguye\AppData\Local\Programs\Microsoft VS Code\bin;C:\Users\nguye\AppData\Local\Android\sdk\platform-tools;C:\adb;C:\Program Files\Git\cmd;C:\Users\nguye\AppData\Local\Pub\Cache\bin;C:\Program Files (x86)\Microsoft SQL Server\160\DTS\Binn\;C:\Program Files (x86)\Microsoft SQL Server\160\Tools\Binn\;C:\Program Files\Microsoft SQL Server\160\Tools\Binn\;C:\Program Files\Microsoft SQL Server\Client SDK\ODBC\170\Tools\Binn\;C:\Program Files\Microsoft SQL Server\160\DTS\Binn\;C:\Users\nguye\AppData\Local\Programs\Python\Python312\Scripts;C:\WINDOWS\system32;C:\WINDOWS;C:\WINDOWS\System32\Wbem;C:\WINDOWS\System32\WindowsPowerShell\v1.0\;C:\WINDOWS\System32\OpenSSH\;C:\Users\nguye\AppData\Local\nvm;C:\Scripts;C:\Users\nguye\AppData\Roaming\Python\Python313\Scripts;C:\Program Files\MySQL\MySQL Server 9.2\bin;c:\Users\nguye\AppData\Local\Programs\cursor\resources\app\bin;C:\kotlin-compiler-2.1.21\kotlinc\bin\kotlinc;C:\Users\nguye\Downloads\kotlin-compiler-2.1.20-RC2\kotlinc\bin;C:\Program Files\nodejs\;C:\Program Files\nodejs\node_modules\npm\bin;C:\Program Files\Docker\Docker\resources\bin;C:\apache-maven-3.9.11-bin\apache-maven-3.9.11\bin;C:\Program Files\MySQL\MySQL Shell 8.0\bin\;C:\Users\nguye\AppData\Local\Programs\Python\Launcher\;C:\Users\nguye\AppData\Local\Microsoft\WindowsApps;C:\Users\nguye\AppData\Local\Programs\Microsoft VS Code\bin;C:\Users\nguye\AppData\Local\Android\sdk\platform-tools;C:\Users\nguye\AppData\Local\Dart_SDK\dartsdk-windows-x64-release\dart-sdk\bin;C:\Users\nguye\AppData\Local\Flutter_SDK\flutter_windows_3.22.2-stable\flutter\bin;C:\Users\nguye\AppData\Local\Pub\Cache\bin;C:\Users\nguye\AppData\Local\nvm;C:\nvm4w\nodejs;C:\Scripts;C:\Program Files\JetBrains\PyCharm 2024.3.5\bin;;C:\Users\nguye\AppData\Local\Packages\PythonSoftwareFoundation.Python.3.12_qbz5n2kfra8p0\LocalCache\local-packages\Python312\Scripts;C:\kotlin-compiler-2.1.21\kotlinc\bin\kotlinc;C:\Users\nguye\Downloads\kotlin-compiler-2.1.20-RC2\kotlinc\bin;C:\Program Files\nodejs\node_modules\npm\bin;C:\Users\nguye\AppData\Roaming\npm;C:\Program Files\nodejs\;C:\Program Files\nodejs\node_modules\npm\bin;C:\Users\nguye\AppData\Local\Programs\cursor\resources\app\bin;C:\apache-maven-3.9.11-bin\apache-maven-3.9.11\bin;;C:\Program Files\JetBrains\IntelliJ IDEA 2025.1.3\bin;
USERNAME=nguye
OS=Windows_NT
PROCESSOR_IDENTIFIER=AMD64 Family 23 Model 104 Stepping 1, AuthenticAMD
TMP=C:\Users\nguye\AppData\Local\Temp
TEMP=C:\Users\nguye\AppData\Local\Temp




Periodic native trim disabled

---------------  S Y S T E M  ---------------

OS:
 Windows 11 , 64 bit Build 26100 (10.0.26100.3037)
OS uptime: 12 days 6:54 hours
Hyper-V role detected

CPU: total 12 (initial active 12) (12 cores per cpu, 2 threads per core) family 23 model 104 stepping 1 microcode 0x8608104, cx8, cmov, fxsr, ht, mmx, 3dnowpref, sse, sse2, sse3, ssse3, sse4a, sse4.1, sse4.2, popcnt, lzcnt, tsc, tscinvbit, avx, avx2, aes, clmul, bmi1, bmi2, adx, sha, fma, vzeroupper, clflush, clflushopt, hv, rdtscp, rdpid, f16c
Processor Information for processor 0
  Max Mhz: 2100, Current Mhz: 2100, Mhz Limit: 2100
Processor Information for processor 1
  Max Mhz: 2100, Current Mhz: 1988, Mhz Limit: 2100
Processor Information for processor 2
  Max Mhz: 2100, Current Mhz: 2100, Mhz Limit: 2100
Processor Information for processor 3
  Max Mhz: 2100, Current Mhz: 1988, Mhz Limit: 2100
Processor Information for processor 4
  Max Mhz: 2100, Current Mhz: 1988, Mhz Limit: 2100
Processor Information for processor 5
  Max Mhz: 2100, Current Mhz: 2100, Mhz Limit: 2100
Processor Information for processor 6
  Max Mhz: 2100, Current Mhz: 2100, Mhz Limit: 2100
Processor Information for processor 7
  Max Mhz: 2100, Current Mhz: 2100, Mhz Limit: 2100
Processor Information for processor 8
  Max Mhz: 2100, Current Mhz: 1988, Mhz Limit: 2100
Processor Information for processor 9
  Max Mhz: 2100, Current Mhz: 1988, Mhz Limit: 2100
Processor Information for processor 10
  Max Mhz: 2100, Current Mhz: 1988, Mhz Limit: 2100
Processor Information for processor 11
  Max Mhz: 2100, Current Mhz: 1988, Mhz Limit: 2100

Memory: 4k page, system-wide physical 7561M (886M free)
TotalPageFile size 31113M (AvailPageFile size 5M)
current process WorkingSet (physical memory assigned to process): 159M, peak: 808M
current process commit charge ("private bytes"): 1159M, peak: 1175M

vm_info: OpenJDK 64-Bit Server VM (21.0.8+9-LTS) for windows-amd64 JRE (21.0.8+9-LTS), built on 2025-07-15T00:00:00Z by "admin" with MS VC++ 17.7 (VS2022)

END.
